<?xml version="1.0" encoding="UTF-8"?>
<!-- Generated by org.testng.reporters.JUnitXMLReporter -->
<testsuite hostname="Manishs-MBP.fios-router.home" failures="4" tests="4" name="Default test(failed)(failed)" time="0.914" errors="0" timestamp="3 Jun 2020 14:22:10 GMT">
  <testcase classname="com.automationpractice.testcases.SignInExcelsheet" name="logindata" time="0.009">
    <failure type="java.lang.NullPointerException">
      <![CDATA[java.lang.NullPointerException
	at com.automationpractice.base.TestBase.initbr(TestBase.java:45)
	at com.automationpractice.testcases.SignInExcelsheet.intializeDriver(SignInExcelsheet.java:20)
	at com.automationpractice.testcases.SignInExcelsheet.logindata(SignInExcelsheet.java:32)
... Removed 24 stack frames]]>
    </failure>
  </testcase> <!-- logindata -->
  <testcase classname="com.automationpractice.testcases.SignInExcelsheet" name="logindata" time="0.002">
    <failure type="java.lang.NullPointerException">
      <![CDATA[java.lang.NullPointerException
	at com.automationpractice.base.TestBase.initbr(TestBase.java:45)
	at com.automationpractice.testcases.SignInExcelsheet.intializeDriver(SignInExcelsheet.java:20)
	at com.automationpractice.testcases.SignInExcelsheet.logindata(SignInExcelsheet.java:32)
... Removed 24 stack frames]]>
    </failure>
  </testcase> <!-- logindata -->
  <testcase classname="com.automationpractice.testcases.SignInExcelsheet" name="gotosignin" time="0.034">
    <failure type="java.lang.NullPointerException">
      <![CDATA[java.lang.NullPointerException
	at org.openqa.selenium.support.pagefactory.DefaultElementLocator.findElement(DefaultElementLocator.java:69)
	at org.openqa.selenium.support.pagefactory.internal.LocatingElementHandler.invoke(LocatingElementHandler.java:38)
	at com.sun.proxy.$Proxy11.click(Unknown Source)
	at com.automationpractice.pages.LandingPage.goToSignIn(LandingPage.java:31)
	at com.automationpractice.testcases.SignInExcelsheet.gotosignin(SignInExcelsheet.java:27)
... Removed 24 stack frames]]>
    </failure>
  </testcase> <!-- gotosignin -->
  <testcase classname="com.automationpractice.testcases.SignInExcelsheet" name="intializeDriver" time="0.006">
    <failure type="java.lang.NullPointerException">
      <![CDATA[java.lang.NullPointerException
	at com.automationpractice.base.TestBase.initbr(TestBase.java:45)
	at com.automationpractice.testcases.SignInExcelsheet.intializeDriver(SignInExcelsheet.java:20)
... Removed 24 stack frames]]>
    </failure>
  </testcase> <!-- intializeDriver -->
</testsuite> <!-- Default test(failed)(failed) -->
