<?xml version="1.0" encoding="UTF-8"?>
<testng-results ignored="0" total="1" passed="1" failed="0" skipped="0">
  <reporter-output>
  </reporter-output>
  <suite started-at="2020-06-07T13:37:16 EDT" name="Default suite" finished-at="2020-06-07T13:37:37 EDT" duration-ms="20771">
    <groups>
    </groups>
    <test started-at="2020-06-07T13:37:16 EDT" name="Default test" finished-at="2020-06-07T13:37:37 EDT" duration-ms="20771">
      <class name="com.automationpractice.testcases.SignInTest">
        <test-method is-config="true" signature="intializeDriver()[pri:0, instance:com.automationpractice.testcases.SignInTest@60611244]" started-at="2020-06-07T13:37:16 EDT" name="intializeDriver" finished-at="2020-06-07T13:37:33 EDT" duration-ms="17286" status="PASS">
          <reporter-output>
          </reporter-output>
        </test-method> <!-- intializeDriver -->
        <test-method signature="registeredcredentials()[pri:0, instance:com.automationpractice.testcases.SignInTest@60611244]" started-at="2020-06-07T13:37:33 EDT" name="registeredcredentials" finished-at="2020-06-07T13:37:37 EDT" duration-ms="3153" status="PASS">
          <reporter-output>
          </reporter-output>
        </test-method> <!-- registeredcredentials -->
        <test-method is-config="true" signature="teardown()[pri:0, instance:com.automationpractice.testcases.SignInTest@60611244]" started-at="2020-06-07T13:37:37 EDT" name="teardown" finished-at="2020-06-07T13:37:37 EDT" duration-ms="264" status="PASS">
          <reporter-output>
          </reporter-output>
        </test-method> <!-- teardown -->
      </class> <!-- com.automationpractice.testcases.SignInTest -->
    </test> <!-- Default test -->
  </suite> <!-- Default suite -->
</testng-results>
